<?xml version="1.0" encoding="UTF-8"?>
<!-- Generated by org.testng.reporters.JUnitReportReporter -->
<testsuite skipped="0" hostname="Arun-PC" name="TestNGAnnotation.Truck" tests="3" failures="0" timestamp="2020-02-29T13:02:51 IST" time="0.007" errors="0">
  <testcase name="test3" time="0.003" classname="TestNGAnnotation.Truck"/>
  <testcase name="test2" time="0.002" classname="TestNGAnnotation.Truck"/>
  <testcase name="test1" time="0.002" classname="TestNGAnnotation.Truck"/>
</testsuite> <!-- TestNGAnnotation.Truck -->
