<?xml version="1.0" encoding="UTF-8"?>
<!-- Generated by org.testng.reporters.JUnitReportReporter -->
<testsuite skipped="0" hostname="Arun-PC" name="TestNGAnnotation.HandleIframework" tests="1" failures="0" timestamp="2020-03-01T14:07:18 IST" time="84.827" errors="0">
  <testcase name="test1" time="84.827" classname="TestNGAnnotation.HandleIframework"/>
</testsuite> <!-- TestNGAnnotation.HandleIframework -->
