<?xml version="1.0" encoding="UTF-8"?>
<!-- Generated by org.testng.reporters.JUnitReportReporter -->
<testsuite skipped="0" hostname="Arun-PC" name="TestNGAnnotation.ReadExcle" tests="1" failures="0" timestamp="2020-03-01T10:50:07 IST" time="1.731" errors="0">
  <testcase name="rederExcle" time="1.731" classname="TestNGAnnotation.ReadExcle"/>
</testsuite> <!-- TestNGAnnotation.ReadExcle -->
