<?xml version="1.0" encoding="UTF-8"?>
<!-- Generated by org.testng.reporters.JUnitReportReporter -->
<testsuite skipped="0" hostname="Arun-PC" name="TestNGAnnotation.SecondTestNGClass" tests="2" failures="0" timestamp="2020-02-29T12:00:02 IST" time="0.005" errors="0">
  <testcase name="test1" time="0.002" classname="TestNGAnnotation.SecondTestNGClass"/>
  <testcase name="test1" time="0.003" classname="TestNGAnnotation.SecondTestNGClass"/>
</testsuite> <!-- TestNGAnnotation.SecondTestNGClass -->
