<?xml version="1.0" encoding="UTF-8"?>
<!-- Generated by org.testng.reporters.JUnitReportReporter -->
<testsuite skipped="0" hostname="Arun-PC" name="TestNGAnnotation.DataProviderAnnotation" tests="14" failures="0" timestamp="2020-03-01T10:54:28 IST" time="0.043" errors="0">
  <testcase name="test1" time="0.003" classname="TestNGAnnotation.DataProviderAnnotation"/>
  <testcase name="test1" time="0.003" classname="TestNGAnnotation.DataProviderAnnotation"/>
  <testcase name="test1" time="0.001" classname="TestNGAnnotation.DataProviderAnnotation"/>
  <testcase name="test1" time="0.004" classname="TestNGAnnotation.DataProviderAnnotation"/>
  <testcase name="test1" time="0.016" classname="TestNGAnnotation.DataProviderAnnotation"/>
  <testcase name="test1" time="0.002" classname="TestNGAnnotation.DataProviderAnnotation"/>
  <testcase name="test1" time="0.001" classname="TestNGAnnotation.DataProviderAnnotation"/>
  <testcase name="test1" time="0.001" classname="TestNGAnnotation.DataProviderAnnotation"/>
  <testcase name="test1" time="0.002" classname="TestNGAnnotation.DataProviderAnnotation"/>
  <testcase name="test1" time="0.002" classname="TestNGAnnotation.DataProviderAnnotation"/>
  <testcase name="test1" time="0.002" classname="TestNGAnnotation.DataProviderAnnotation"/>
  <testcase name="test1" time="0.002" classname="TestNGAnnotation.DataProviderAnnotation"/>
  <testcase name="test1" time="0.002" classname="TestNGAnnotation.DataProviderAnnotation"/>
  <testcase name="test1" time="0.002" classname="TestNGAnnotation.DataProviderAnnotation"/>
</testsuite> <!-- TestNGAnnotation.DataProviderAnnotation -->
